<?xml version="1.0" encoding="UTF-8" ?>
<!--
    Copyright (c) 2017 Shreyas Patil.
    All rights reserved. This framework or any portion thereof
    may not be reproduced or used in any manner whatsoever
    without the express written permission from me.
   
    Contributors:
        Shreyas Patil
 -->

<testsuite tests="10" failures="0" name="com.features.TestRunner" time="0.045" errors="2" skipped="0">
  <properties>
    <property name="platform" value="android"/>
    <property name="java.runtime.name" value="Java(TM) SE Runtime Environment"/>
    <property name="sun.boot.library.path" value="C:\Program Files\Java\jdk1.8.0_102\jre\bin"/>
    <property name="java.vm.version" value="25.102-b14"/>
    <property name="java.vm.vendor" value="Oracle Corporation"/>
    <property name="maven.multiModuleProjectDirectory" value="C:\Users\Shreyas\workspace\EHS_Appium_Automation"/>
    <property name="java.vendor.url" value="http://java.oracle.com/"/>
    <property name="path.separator" value=";"/>
    <property name="guice.disable.misplaced.annotation.check" value="true"/>
    <property name="java.vm.name" value="Java HotSpot(TM) 64-Bit Server VM"/>
    <property name="file.encoding.pkg" value="sun.io"/>
    <property name="user.script" value=""/>
    <property name="user.country" value="US"/>
    <property name="sun.java.launcher" value="SUN_STANDARD"/>
    <property name="sun.os.patch.level" value="Service Pack 1"/>
    <property name="java.vm.specification.name" value="Java Virtual Machine Specification"/>
    <property name="user.dir" value="C:\Users\Shreyas\workspace\EHS_Appium_Automation"/>
    <property name="java.runtime.version" value="1.8.0_102-b14"/>
    <property name="java.awt.graphicsenv" value="sun.awt.Win32GraphicsEnvironment"/>
    <property name="java.endorsed.dirs" value="C:\Program Files\Java\jdk1.8.0_102\jre\lib\endorsed"/>
    <property name="os.arch" value="amd64"/>
    <property name="java.io.tmpdir" value="C:\Users\Shreyas\AppData\Local\Temp\"/>
    <property name="line.separator" value="
"/>
    <property name="java.vm.specification.vendor" value="Oracle Corporation"/>
    <property name="user.variant" value=""/>
    <property name="os.name" value="Windows 7"/>
    <property name="classworlds.conf" value="C:\Users\Shreyas\workspace\.metadata\.plugins\org.eclipse.m2e.launching\launches\m2conf8067506268272431924.tmp"/>
    <property name="sun.jnu.encoding" value="Cp1252"/>
    <property name="java.library.path" value="C:\Program Files\Java\jdk1.8.0_102\bin;C:\Windows\Sun\Java\bin;C:\Windows\system32;C:\Windows;C:/Program Files/Java/jre1.8.0_102/bin/server;C:/Program Files/Java/jre1.8.0_102/bin;C:/Program Files/Java/jre1.8.0_102/lib/amd64;C:\ProgramData\Oracle\Java\javapath;C:\Windows\system32;C:\Windows;C:\Windows\System32\Wbem;C:\Windows\System32\WindowsPowerShell\v1.0\;C:\Program Files\WIDCOMM\Bluetooth Software\;C:\Program Files\WIDCOMM\Bluetooth Software\syswow64;C:\Program Files\Dell\DW WLAN Card;C:\Program Files\Java\jdk1.8.0_102;C:\Program Files\Java\jdk1.8.0_102\bin;C:\Android_SDK\platform-tools;C:\Android_SDK\tools;C:\Program Files\Git\cmd;C:\Apache_Ant\apache-ant-1.9.7\bin;C:\Program Files\Microsoft\Web Platform Installer\;C:\Program Files (x86)\Microsoft ASP.NET\ASP.NET Web Pages\v1.0\;C:\Program Files\Microsoft SQL Server\110\Tools\Binn\;C:\Program Files\MySQL\MySQL Utilities 1.6\;C:\Program Files (x86)\Microsoft SQL Server\100\Tools\Binn\;C:\Program Files\Microsoft SQL Server\100\Tools\Binn\;C:\Program Files\Microsoft SQL Server\100\DTS\Binn\;C:\Program Files\nodejs\;C:\Ruby23-x64\bin;C:\Apache_Ant\apache-ant-1.9.7;C:\Maven\apache-maven-3.3.9\bin;C:\Users\Shreyas\AppData\Roaming\npm;C:\Program Files\nodejs;C:\Users\Shreyas\Desktop;;."/>
    <property name="java.specification.name" value="Java Platform API Specification"/>
    <property name="java.class.version" value="52.0"/>
    <property name="sun.management.compiler" value="HotSpot 64-Bit Tiered Compilers"/>
    <property name="os.version" value="6.1"/>
    <property name="user.home" value="C:\Users\Shreyas"/>
    <property name="user.timezone" value="America/Chicago"/>
    <property name="java.awt.printerjob" value="sun.awt.windows.WPrinterJob"/>
    <property name="java.specification.version" value="1.8"/>
    <property name="file.encoding" value="Cp1252"/>
    <property name="user.name" value="Shreyas"/>
    <property name="java.class.path" value="/C:/Users/Shreyas/.p2/pool/plugins/org.eclipse.m2e.maven.runtime_1.7.0.20160603-1931/jars/plexus-classworlds-2.5.2.jar"/>
    <property name="java.vm.specification.version" value="1.8"/>
    <property name="sun.arch.data.model" value="64"/>
    <property name="java.home" value="C:\Program Files\Java\jdk1.8.0_102\jre"/>
    <property name="sun.java.command" value="org.codehaus.plexus.classworlds.launcher.Launcher -B test -Dplatform=android -Ddevice=MotoG4_Plus_7.0"/>
    <property name="java.specification.vendor" value="Oracle Corporation"/>
    <property name="user.language" value="en"/>
    <property name="awt.toolkit" value="sun.awt.windows.WToolkit"/>
    <property name="java.vm.info" value="mixed mode"/>
    <property name="java.version" value="1.8.0_102"/>
    <property name="java.ext.dirs" value="C:\Program Files\Java\jdk1.8.0_102\jre\lib\ext;C:\Windows\Sun\Java\lib\ext"/>
    <property name="sun.boot.class.path" value="C:\Program Files\Java\jdk1.8.0_102\jre\lib\resources.jar;C:\Program Files\Java\jdk1.8.0_102\jre\lib\rt.jar;C:\Program Files\Java\jdk1.8.0_102\jre\lib\sunrsasign.jar;C:\Program Files\Java\jdk1.8.0_102\jre\lib\jsse.jar;C:\Program Files\Java\jdk1.8.0_102\jre\lib\jce.jar;C:\Program Files\Java\jdk1.8.0_102\jre\lib\charsets.jar;C:\Program Files\Java\jdk1.8.0_102\jre\lib\jfr.jar;C:\Program Files\Java\jdk1.8.0_102\jre\classes"/>
    <property name="java.vendor" value="Oracle Corporation"/>
    <property name="maven.home" value="C:\Users\Shreyas\workspace\EHS_Appium_Automation\EMBEDDED"/>
    <property name="file.separator" value="\"/>
    <property name="java.vendor.url.bug" value="http://bugreport.sun.com/bugreport/"/>
    <property name="device" value="MotoG4_Plus_7.0"/>
    <property name="sun.cpu.endian" value="little"/>
    <property name="sun.io.unicode.encoding" value="UnicodeLittle"/>
    <property name="sun.desktop" value="windows"/>
    <property name="sun.cpu.isalist" value="amd64"/>
  </properties>
  <testcase classname="| Login | shreyas.patil91@gmail.com | abcd | Search Patient History |  | Please Enter Contact |" name="Given my application is open" time="0.013"/>
  <testcase classname="| Login | shreyas.patil91@gmail.com | abcd | Search Patient History |  | Please Enter Contact |" name="Then I see Login text" time="0.001"/>
  <testcase classname="| Login | shreyas.patil91@gmail.com | abcd | Search Patient History |  | Please Enter Contact |" name="Then I click switchRole button" time="0"/>
  <testcase classname="| Login | shreyas.patil91@gmail.com | abcd | Search Patient History |  | Please Enter Contact |" name="Then I enter shreyas.patil91@gmail.com in the LoginPage Email field" time="0.002"/>
  <testcase classname="| Login | shreyas.patil91@gmail.com | abcd | Search Patient History |  | Please Enter Contact |" name="Then I enter abcd in the LoginPage Password field" time="0"/>
  <testcase classname="| Login | shreyas.patil91@gmail.com | abcd | Search Patient History |  | Please Enter Contact |" name="Then I press the Login Page Login button" time="0"/>
  <testcase classname="| Login | shreyas.patil91@gmail.com | abcd | Search Patient History |  | Please Enter Contact |" name="Then I see Search Patient History label" time="0"/>
  <testcase classname="| Login | shreyas.patil91@gmail.com | abcd | Search Patient History |  | Please Enter Contact |" name="Then I click on Search Button" time="0"/>
  <testcase classname="| Login | shreyas.patil91@gmail.com | abcd | Search Patient History |  | Please Enter Contact |" name="Then I check the Please Enter Contact" time="0.014">
    <error message="Locator Strategy &apos;link text&apos; is not supported for this session (WARNING: The server did not provide any stacktrace information)
Command duration or timeout: 17 milliseconds
For documentation on this error, please visit: http://seleniumhq.org/exceptions/invalid_selector_exception.html
Build info: version: &apos;2.52.0&apos;, revision: &apos;4c2593cfc3689a7fcd7be52549167e5ccc93ad28&apos;, time: &apos;2016-02-11 11:22:43&apos;
System info: host: &apos;Shreyas-PC&apos;, ip: &apos;192.168.0.105&apos;, os.name: &apos;Windows 7&apos;, os.arch: &apos;amd64&apos;, os.version: &apos;6.1&apos;, java.version: &apos;1.8.0_102&apos;
Driver info: io.appium.java_client.android.AndroidDriver
Capabilities [{app=C://Users//Shreyas//workspace//EHS_Appium_Automation//application_files//EHS.apk, appPackage=com.spatil32.emergency_health_services, networkConnectionEnabled=true, noReset=true, warnings={}, appWaitPackage=com.spatil32.emergency_health_services, appWaitActivity=com.spatil32.emergency_health_services.MainActivity, databaseEnabled=false, deviceName=ZY223F77GW, platform=LINUX, deviceUDID=ZY223F77GW, appActivity=com.spatil32.emergency_health_services.MainActivity, desired={app=C://Users//Shreyas//workspace//EHS_Appium_Automation//application_files//EHS.apk, noReset=true, platformVersion=7.0, platformName=Android, deviceName=ZY223F77GW}, platformVersion=7.0, webStorageEnabled=false, locationContextEnabled=false, takesScreenshot=true, javascriptEnabled=true, platformName=Android}]
Session ID: 50e46295-f9be-470c-851c-de8fd7de40df
*** Element info: {Using=link text, value=Please Enter Contact}" type="org.openqa.selenium.InvalidSelectorException">org.openqa.selenium.InvalidSelectorException: Locator Strategy &apos;link text&apos; is not supported for this session (WARNING: The server did not provide any stacktrace information)
Command duration or timeout: 17 milliseconds
For documentation on this error, please visit: http://seleniumhq.org/exceptions/invalid_selector_exception.html
Build info: version: &apos;2.52.0&apos;, revision: &apos;4c2593cfc3689a7fcd7be52549167e5ccc93ad28&apos;, time: &apos;2016-02-11 11:22:43&apos;
System info: host: &apos;Shreyas-PC&apos;, ip: &apos;192.168.0.105&apos;, os.name: &apos;Windows 7&apos;, os.arch: &apos;amd64&apos;, os.version: &apos;6.1&apos;, java.version: &apos;1.8.0_102&apos;
Driver info: io.appium.java_client.android.AndroidDriver
Capabilities [{app=C://Users//Shreyas//workspace//EHS_Appium_Automation//application_files//EHS.apk, appPackage=com.spatil32.emergency_health_services, networkConnectionEnabled=true, noReset=true, warnings={}, appWaitPackage=com.spatil32.emergency_health_services, appWaitActivity=com.spatil32.emergency_health_services.MainActivity, databaseEnabled=false, deviceName=ZY223F77GW, platform=LINUX, deviceUDID=ZY223F77GW, appActivity=com.spatil32.emergency_health_services.MainActivity, desired={app=C://Users//Shreyas//workspace//EHS_Appium_Automation//application_files//EHS.apk, noReset=true, platformVersion=7.0, platformName=Android, deviceName=ZY223F77GW}, platformVersion=7.0, webStorageEnabled=false, locationContextEnabled=false, takesScreenshot=true, javascriptEnabled=true, platformName=Android}]
Session ID: 50e46295-f9be-470c-851c-de8fd7de40df
*** Element info: {Using=link text, value=Please Enter Contact}
	at sun.reflect.NativeConstructorAccessorImpl.newInstance0(Native Method)
	at sun.reflect.NativeConstructorAccessorImpl.newInstance(NativeConstructorAccessorImpl.java:62)
	at sun.reflect.DelegatingConstructorAccessorImpl.newInstance(DelegatingConstructorAccessorImpl.java:45)
	at java.lang.reflect.Constructor.newInstance(Constructor.java:423)
	at org.openqa.selenium.remote.ErrorHandler.createThrowable(ErrorHandler.java:206)
	at org.openqa.selenium.remote.ErrorHandler.throwIfResponseFailed(ErrorHandler.java:158)
	at org.openqa.selenium.remote.RemoteWebDriver.execute(RemoteWebDriver.java:678)
	at io.appium.java_client.DefaultGenericMobileDriver.execute(DefaultGenericMobileDriver.java:40)
	at io.appium.java_client.AppiumDriver.execute(AppiumDriver.java:1)
	at io.appium.java_client.android.AndroidDriver.execute(AndroidDriver.java:1)
	at org.openqa.selenium.remote.RemoteWebDriver.findElement(RemoteWebDriver.java:363)
	at io.appium.java_client.DefaultGenericMobileDriver.findElement(DefaultGenericMobileDriver.java:56)
	at io.appium.java_client.AppiumDriver.findElement(AppiumDriver.java:1)
	at io.appium.java_client.android.AndroidDriver.findElement(AndroidDriver.java:1)
	at org.openqa.selenium.remote.RemoteWebDriver.findElementByLinkText(RemoteWebDriver.java:428)
	at io.appium.java_client.DefaultGenericMobileDriver.findElementByLinkText(DefaultGenericMobileDriver.java:71)
	at io.appium.java_client.AppiumDriver.findElementByLinkText(AppiumDriver.java:1)
	at io.appium.java_client.android.AndroidDriver.findElementByLinkText(AndroidDriver.java:1)
	at com.pageFactory.PatientHistoryPage.VerifyToastMessage(PatientHistoryPage.java:55)
	at com.stepDefinitions.PatientHistoryDetailsSteps.I_check_the_toastMessage(PatientHistoryDetailsSteps.java:55)
	at ✽.Then I check the Please Enter Contact(doctor_gets_message_when_contact_not_provided.feature:13)
</error>
  </testcase>
  <testcase classname="| Login | shreyas.patil91@gmail.com | abcd | Search Patient History |  | Please Enter Contact |" name="| Login | shreyas.patil91@gmail.com | abcd | Search Patient History |  | Please Enter Contact |" time="0.015">
    <error message="Locator Strategy &apos;link text&apos; is not supported for this session (WARNING: The server did not provide any stacktrace information)
Command duration or timeout: 17 milliseconds
For documentation on this error, please visit: http://seleniumhq.org/exceptions/invalid_selector_exception.html
Build info: version: &apos;2.52.0&apos;, revision: &apos;4c2593cfc3689a7fcd7be52549167e5ccc93ad28&apos;, time: &apos;2016-02-11 11:22:43&apos;
System info: host: &apos;Shreyas-PC&apos;, ip: &apos;192.168.0.105&apos;, os.name: &apos;Windows 7&apos;, os.arch: &apos;amd64&apos;, os.version: &apos;6.1&apos;, java.version: &apos;1.8.0_102&apos;
Driver info: io.appium.java_client.android.AndroidDriver
Capabilities [{app=C://Users//Shreyas//workspace//EHS_Appium_Automation//application_files//EHS.apk, appPackage=com.spatil32.emergency_health_services, networkConnectionEnabled=true, noReset=true, warnings={}, appWaitPackage=com.spatil32.emergency_health_services, appWaitActivity=com.spatil32.emergency_health_services.MainActivity, databaseEnabled=false, deviceName=ZY223F77GW, platform=LINUX, deviceUDID=ZY223F77GW, appActivity=com.spatil32.emergency_health_services.MainActivity, desired={app=C://Users//Shreyas//workspace//EHS_Appium_Automation//application_files//EHS.apk, noReset=true, platformVersion=7.0, platformName=Android, deviceName=ZY223F77GW}, platformVersion=7.0, webStorageEnabled=false, locationContextEnabled=false, takesScreenshot=true, javascriptEnabled=true, platformName=Android}]
Session ID: 50e46295-f9be-470c-851c-de8fd7de40df
*** Element info: {Using=link text, value=Please Enter Contact}" type="org.openqa.selenium.InvalidSelectorException">org.openqa.selenium.InvalidSelectorException: Locator Strategy &apos;link text&apos; is not supported for this session (WARNING: The server did not provide any stacktrace information)
Command duration or timeout: 17 milliseconds
For documentation on this error, please visit: http://seleniumhq.org/exceptions/invalid_selector_exception.html
Build info: version: &apos;2.52.0&apos;, revision: &apos;4c2593cfc3689a7fcd7be52549167e5ccc93ad28&apos;, time: &apos;2016-02-11 11:22:43&apos;
System info: host: &apos;Shreyas-PC&apos;, ip: &apos;192.168.0.105&apos;, os.name: &apos;Windows 7&apos;, os.arch: &apos;amd64&apos;, os.version: &apos;6.1&apos;, java.version: &apos;1.8.0_102&apos;
Driver info: io.appium.java_client.android.AndroidDriver
Capabilities [{app=C://Users//Shreyas//workspace//EHS_Appium_Automation//application_files//EHS.apk, appPackage=com.spatil32.emergency_health_services, networkConnectionEnabled=true, noReset=true, warnings={}, appWaitPackage=com.spatil32.emergency_health_services, appWaitActivity=com.spatil32.emergency_health_services.MainActivity, databaseEnabled=false, deviceName=ZY223F77GW, platform=LINUX, deviceUDID=ZY223F77GW, appActivity=com.spatil32.emergency_health_services.MainActivity, desired={app=C://Users//Shreyas//workspace//EHS_Appium_Automation//application_files//EHS.apk, noReset=true, platformVersion=7.0, platformName=Android, deviceName=ZY223F77GW}, platformVersion=7.0, webStorageEnabled=false, locationContextEnabled=false, takesScreenshot=true, javascriptEnabled=true, platformName=Android}]
Session ID: 50e46295-f9be-470c-851c-de8fd7de40df
*** Element info: {Using=link text, value=Please Enter Contact}
	at sun.reflect.NativeConstructorAccessorImpl.newInstance0(Native Method)
	at sun.reflect.NativeConstructorAccessorImpl.newInstance(NativeConstructorAccessorImpl.java:62)
	at sun.reflect.DelegatingConstructorAccessorImpl.newInstance(DelegatingConstructorAccessorImpl.java:45)
	at java.lang.reflect.Constructor.newInstance(Constructor.java:423)
	at org.openqa.selenium.remote.ErrorHandler.createThrowable(ErrorHandler.java:206)
	at org.openqa.selenium.remote.ErrorHandler.throwIfResponseFailed(ErrorHandler.java:158)
	at org.openqa.selenium.remote.RemoteWebDriver.execute(RemoteWebDriver.java:678)
	at io.appium.java_client.DefaultGenericMobileDriver.execute(DefaultGenericMobileDriver.java:40)
	at io.appium.java_client.AppiumDriver.execute(AppiumDriver.java:1)
	at io.appium.java_client.android.AndroidDriver.execute(AndroidDriver.java:1)
	at org.openqa.selenium.remote.RemoteWebDriver.findElement(RemoteWebDriver.java:363)
	at io.appium.java_client.DefaultGenericMobileDriver.findElement(DefaultGenericMobileDriver.java:56)
	at io.appium.java_client.AppiumDriver.findElement(AppiumDriver.java:1)
	at io.appium.java_client.android.AndroidDriver.findElement(AndroidDriver.java:1)
	at org.openqa.selenium.remote.RemoteWebDriver.findElementByLinkText(RemoteWebDriver.java:428)
	at io.appium.java_client.DefaultGenericMobileDriver.findElementByLinkText(DefaultGenericMobileDriver.java:71)
	at io.appium.java_client.AppiumDriver.findElementByLinkText(AppiumDriver.java:1)
	at io.appium.java_client.android.AndroidDriver.findElementByLinkText(AndroidDriver.java:1)
	at com.pageFactory.PatientHistoryPage.VerifyToastMessage(PatientHistoryPage.java:55)
	at com.stepDefinitions.PatientHistoryDetailsSteps.I_check_the_toastMessage(PatientHistoryDetailsSteps.java:55)
	at ✽.Then I check the Please Enter Contact(doctor_gets_message_when_contact_not_provided.feature:13)
</error>
  </testcase>
</testsuite>