<?xml version="1.0" encoding="UTF-8" ?>
<testsuite tests="28" failures="2" name="com.features.TestRunner" time="0.254" errors="0" skipped="8">
  <properties>
    <property name="platform" value="android"/>
    <property name="java.runtime.name" value="Java(TM) SE Runtime Environment"/>
    <property name="sun.boot.library.path" value="C:\Program Files\Java\jdk1.8.0_102\jre\bin"/>
    <property name="java.vm.version" value="25.102-b14"/>
    <property name="java.vm.vendor" value="Oracle Corporation"/>
    <property name="maven.multiModuleProjectDirectory" value="C:\Users\Shreyas\workspace\EHS_Appium_Automation"/>
    <property name="java.vendor.url" value="http://java.oracle.com/"/>
    <property name="path.separator" value=";"/>
    <property name="guice.disable.misplaced.annotation.check" value="true"/>
    <property name="java.vm.name" value="Java HotSpot(TM) 64-Bit Server VM"/>
    <property name="file.encoding.pkg" value="sun.io"/>
    <property name="user.script" value=""/>
    <property name="user.country" value="US"/>
    <property name="sun.java.launcher" value="SUN_STANDARD"/>
    <property name="sun.os.patch.level" value="Service Pack 1"/>
    <property name="java.vm.specification.name" value="Java Virtual Machine Specification"/>
    <property name="user.dir" value="C:\Users\Shreyas\workspace\EHS_Appium_Automation"/>
    <property name="java.runtime.version" value="1.8.0_102-b14"/>
    <property name="java.awt.graphicsenv" value="sun.awt.Win32GraphicsEnvironment"/>
    <property name="java.endorsed.dirs" value="C:\Program Files\Java\jdk1.8.0_102\jre\lib\endorsed"/>
    <property name="os.arch" value="amd64"/>
    <property name="java.io.tmpdir" value="C:\Users\Shreyas\AppData\Local\Temp\"/>
    <property name="line.separator" value="
"/>
    <property name="java.vm.specification.vendor" value="Oracle Corporation"/>
    <property name="user.variant" value=""/>
    <property name="os.name" value="Windows 7"/>
    <property name="classworlds.conf" value="C:\Users\Shreyas\workspace\.metadata\.plugins\org.eclipse.m2e.launching\launches\m2conf3896864216509161842.tmp"/>
    <property name="sun.jnu.encoding" value="Cp1252"/>
    <property name="java.library.path" value="C:\Program Files\Java\jdk1.8.0_102\bin;C:\Windows\Sun\Java\bin;C:\Windows\system32;C:\Windows;C:/Program Files/Java/jre1.8.0_102/bin/server;C:/Program Files/Java/jre1.8.0_102/bin;C:/Program Files/Java/jre1.8.0_102/lib/amd64;C:\ProgramData\Oracle\Java\javapath;C:\Windows\system32;C:\Windows;C:\Windows\System32\Wbem;C:\Windows\System32\WindowsPowerShell\v1.0\;C:\Program Files\WIDCOMM\Bluetooth Software\;C:\Program Files\WIDCOMM\Bluetooth Software\syswow64;C:\Program Files\Dell\DW WLAN Card;C:\Program Files\Java\jdk1.8.0_102;C:\Program Files\Java\jdk1.8.0_102\bin;C:\Android_SDK\platform-tools;C:\Android_SDK\tools;C:\Program Files\Git\cmd;C:\Apache_Ant\apache-ant-1.9.7\bin;C:\Program Files\Microsoft\Web Platform Installer\;C:\Program Files (x86)\Microsoft ASP.NET\ASP.NET Web Pages\v1.0\;C:\Program Files\Microsoft SQL Server\110\Tools\Binn\;C:\Program Files\MySQL\MySQL Utilities 1.6\;C:\Program Files (x86)\Microsoft SQL Server\100\Tools\Binn\;C:\Program Files\Microsoft SQL Server\100\Tools\Binn\;C:\Program Files\Microsoft SQL Server\100\DTS\Binn\;C:\Program Files\nodejs\;C:\Ruby23-x64\bin;C:\Apache_Ant\apache-ant-1.9.7;C:\Maven\apache-maven-3.3.9\bin;C:\Users\Shreyas\AppData\Roaming\npm;C:\Program Files\nodejs;C:\Users\Shreyas\Desktop;;."/>
    <property name="java.specification.name" value="Java Platform API Specification"/>
    <property name="java.class.version" value="52.0"/>
    <property name="sun.management.compiler" value="HotSpot 64-Bit Tiered Compilers"/>
    <property name="os.version" value="6.1"/>
    <property name="user.home" value="C:\Users\Shreyas"/>
    <property name="user.timezone" value="America/Chicago"/>
    <property name="java.awt.printerjob" value="sun.awt.windows.WPrinterJob"/>
    <property name="java.specification.version" value="1.8"/>
    <property name="file.encoding" value="Cp1252"/>
    <property name="user.name" value="Shreyas"/>
    <property name="java.class.path" value="/C:/Users/Shreyas/.p2/pool/plugins/org.eclipse.m2e.maven.runtime_1.7.0.20160603-1931/jars/plexus-classworlds-2.5.2.jar"/>
    <property name="java.vm.specification.version" value="1.8"/>
    <property name="sun.arch.data.model" value="64"/>
    <property name="java.home" value="C:\Program Files\Java\jdk1.8.0_102\jre"/>
    <property name="sun.java.command" value="org.codehaus.plexus.classworlds.launcher.Launcher -B test -Dplatform=android -Ddevice=MotoG4_Plus_7.0"/>
    <property name="java.specification.vendor" value="Oracle Corporation"/>
    <property name="user.language" value="en"/>
    <property name="awt.toolkit" value="sun.awt.windows.WToolkit"/>
    <property name="java.vm.info" value="mixed mode"/>
    <property name="java.version" value="1.8.0_102"/>
    <property name="java.ext.dirs" value="C:\Program Files\Java\jdk1.8.0_102\jre\lib\ext;C:\Windows\Sun\Java\lib\ext"/>
    <property name="sun.boot.class.path" value="C:\Program Files\Java\jdk1.8.0_102\jre\lib\resources.jar;C:\Program Files\Java\jdk1.8.0_102\jre\lib\rt.jar;C:\Program Files\Java\jdk1.8.0_102\jre\lib\sunrsasign.jar;C:\Program Files\Java\jdk1.8.0_102\jre\lib\jsse.jar;C:\Program Files\Java\jdk1.8.0_102\jre\lib\jce.jar;C:\Program Files\Java\jdk1.8.0_102\jre\lib\charsets.jar;C:\Program Files\Java\jdk1.8.0_102\jre\lib\jfr.jar;C:\Program Files\Java\jdk1.8.0_102\jre\classes"/>
    <property name="java.vendor" value="Oracle Corporation"/>
    <property name="maven.home" value="C:\Users\Shreyas\workspace\EHS_Appium_Automation\EMBEDDED"/>
    <property name="file.separator" value="\"/>
    <property name="java.vendor.url.bug" value="http://bugreport.sun.com/bugreport/"/>
    <property name="device" value="MotoG4_Plus_7.0"/>
    <property name="sun.cpu.endian" value="little"/>
    <property name="sun.io.unicode.encoding" value="UnicodeLittle"/>
    <property name="sun.desktop" value="windows"/>
    <property name="sun.cpu.isalist" value="amd64"/>
  </properties>
  <testcase classname="| Login | Registration Form | Shreyas | Patil | 12345 | patilsr91@gmail.com | 1111 | 3128891919 | abcd |" name="Given my application is open" time="0.006"/>
  <testcase classname="| Login | Registration Form | Shreyas | Patil | 12345 | patilsr91@gmail.com | 1111 | 3128891919 | abcd |" name="Then I see Login" time="0"/>
  <testcase classname="| Login | Registration Form | Shreyas | Patil | 12345 | patilsr91@gmail.com | 1111 | 3128891919 | abcd |" name="Then I press the Register button" time="0"/>
  <testcase classname="| Login | Registration Form | Shreyas | Patil | 12345 | patilsr91@gmail.com | 1111 | 3128891919 | abcd |" name="Then I see Registration Form" time="0"/>
  <testcase classname="| Login | Registration Form | Shreyas | Patil | 12345 | patilsr91@gmail.com | 1111 | 3128891919 | abcd |" name="Then I enter Shreyas in the Patinet First Name field" time="0.001"/>
  <testcase classname="| Login | Registration Form | Shreyas | Patil | 12345 | patilsr91@gmail.com | 1111 | 3128891919 | abcd |" name="Then I enter Patil in the Patient Last Name field" time="0.006"/>
  <testcase classname="| Login | Registration Form | Shreyas | Patil | 12345 | patilsr91@gmail.com | 1111 | 3128891919 | abcd |" name="Then I enter 12345 in the Patient SSN field" time="0"/>
  <testcase classname="| Login | Registration Form | Shreyas | Patil | 12345 | patilsr91@gmail.com | 1111 | 3128891919 | abcd |" name="Then I enter patilsr91@gmail.com in the Patient Email field" time="0.015"/>
  <testcase classname="| Login | Registration Form | Shreyas | Patil | 12345 | patilsr91@gmail.com | 1111 | 3128891919 | abcd |" name="Then I enter 1111 in the Patient Contact field" time="0.015"/>
  <testcase classname="| Login | Registration Form | Shreyas | Patil | 12345 | patilsr91@gmail.com | 1111 | 3128891919 | abcd |" name="Then I enter 3128891919 in the Patient Emergency Contact field" time="0.001"/>
  <testcase classname="| Login | Registration Form | Shreyas | Patil | 12345 | patilsr91@gmail.com | 1111 | 3128891919 | abcd |" name="Then I enter abcd in the Patient Password field" time="0"/>
  <testcase classname="| Login | Registration Form | Shreyas | Patil | 12345 | patilsr91@gmail.com | 1111 | 3128891919 | abcd |" name="Then I enter abcd in the Patient Conform Password field" time="0"/>
  <testcase classname="| Login | Registration Form | Shreyas | Patil | 12345 | patilsr91@gmail.com | 1111 | 3128891919 | abcd |" name="Then I press the Patient Register button" time="0"/>
  <testcase classname="| Login | Registration Form | Shreyas | Patil | 12345 | patilsr91@gmail.com | 1111 | 3128891919 | abcd |" name="Then I see Login" time="0"/>
  <testcase classname="| Login | Registration Form | Shreyas | Patil | 12345 | patilsr91@gmail.com | 1111 | 3128891919 | abcd |" name="Then I check gmail account confirmation mail" time="0"/>
  <testcase classname="| Login | Registration Form | Shreyas | Patil | 12345 | patilsr91@gmail.com | 1111 | 3128891919 | abcd |" name="Then I enter patilsr91@gmail.com in the LoginPage Email field" time="0"/>
  <testcase classname="| Login | Registration Form | Shreyas | Patil | 12345 | patilsr91@gmail.com | 1111 | 3128891919 | abcd |" name="Then I enter abcd in the LoginPage Password field" time="0"/>
  <testcase classname="| Login | Registration Form | Shreyas | Patil | 12345 | patilsr91@gmail.com | 1111 | 3128891919 | abcd |" name="Then I press the Login Page Login button" time="0.001"/>
  <testcase classname="| Login | Registration Form | Shreyas | Patil | 12345 | patilsr91@gmail.com | 1111 | 3128891919 | abcd |" name="Then I see Shreyas" time="0.009">
    <failure message="Shreyas text not found." type="junit.framework.AssertionFailedError">junit.framework.AssertionFailedError: Shreyas text not found.
	at junit.framework.Assert.fail(Assert.java:57)
	at junit.framework.Assert.assertTrue(Assert.java:22)
	at com.stepDefinitions.PatientRegistrationSteps.I_see_Text(PatientRegistrationSteps.java:33)
	at ✽.Then I see Shreyas(PatientRegistration.feature:22)
</failure>
  </testcase>
  <testcase classname="| Login | Registration Form | Shreyas | Patil | 12345 | patilsr91@gmail.com | 1111 | 3128891919 | abcd |" name="| Login | Registration Form | Shreyas | Patil | 12345 | patilsr91@gmail.com | 1111 | 3128891919 | abcd |" time="0.01">
    <failure message="Shreyas text not found." type="junit.framework.AssertionFailedError">junit.framework.AssertionFailedError: Shreyas text not found.
	at junit.framework.Assert.fail(Assert.java:57)
	at junit.framework.Assert.assertTrue(Assert.java:22)
	at com.stepDefinitions.PatientRegistrationSteps.I_see_Text(PatientRegistrationSteps.java:33)
	at ✽.Then I see Shreyas(PatientRegistration.feature:22)
</failure>
  </testcase>
  <testcase classname="| Login | Registration Form | Shreyas | Patil | 12345 | patilsr91@gmail.com | 1111 | 3128891919 | abcd |" name="Then I see Patil" time="0.012">
    <skipped/>
  </testcase>
  <testcase classname="| Login | Registration Form | Shreyas | Patil | 12345 | patilsr91@gmail.com | 1111 | 3128891919 | abcd |" name="Then I see 12345" time="0.016">
    <skipped/>
  </testcase>
  <testcase classname="| Login | Registration Form | Shreyas | Patil | 12345 | patilsr91@gmail.com | 1111 | 3128891919 | abcd |" name="Then I see patilsr91@gmail.com" time="0.019">
    <skipped/>
  </testcase>
  <testcase classname="| Login | Registration Form | Shreyas | Patil | 12345 | patilsr91@gmail.com | 1111 | 3128891919 | abcd |" name="Then I see 1111" time="0.022">
    <skipped/>
  </testcase>
  <testcase classname="| Login | Registration Form | Shreyas | Patil | 12345 | patilsr91@gmail.com | 1111 | 3128891919 | abcd |" name="Then I see 3128891919" time="0.025">
    <skipped/>
  </testcase>
  <testcase classname="| Login | Registration Form | Shreyas | Patil | 12345 | patilsr91@gmail.com | 1111 | 3128891919 | abcd |" name="Then I see abcd" time="0.028">
    <skipped/>
  </testcase>
  <testcase classname="| Login | Registration Form | Shreyas | Patil | 12345 | patilsr91@gmail.com | 1111 | 3128891919 | abcd |" name="Then I press the Logout button" time="0.032">
    <skipped/>
  </testcase>
  <testcase classname="| Login | Registration Form | Shreyas | Patil | 12345 | patilsr91@gmail.com | 1111 | 3128891919 | abcd |" name="Then I see Login" time="0.036">
    <skipped/>
  </testcase>
</testsuite>